<?xml version="1.0" encoding="UTF-8"?>
<!-- Generated by org.testng.reporters.JUnitReportReporter -->
<testsuite hostname="DESKTOP-QBF8APR" failures="0" tests="10" name="testCases.TC004_SearchProductTest" time="30.634" errors="0" timestamp="2025-09-21T19:43:10 IST" skipped="0">
  <testcase classname="testCases.TC004_SearchProductTest" name="searchproduct" time="7.534"/>
  <testcase classname="testCases.TC004_SearchProductTest" name="searchProductNotExist" time="2.565"/>
  <testcase classname="testCases.TC004_SearchProductTest" name="searchProductWithEmptyInput" time="2.694"/>
  <testcase classname="testCases.TC004_SearchProductTest" name="searchProductWithSpecialChars" time="2.508"/>
  <testcase classname="testCases.TC004_SearchProductTest" name="searchProductCaseInsensitive" time="2.524"/>
  <testcase classname="testCases.TC004_SearchProductTest" name="searchProductWithPartialName" time="2.650"/>
  <testcase classname="testCases.TC004_SearchProductTest" name="searchProductWithNumericInput" time="2.517"/>
  <testcase classname="testCases.TC004_SearchProductTest" name="verifySearchResultCount" time="2.546"/>
  <testcase classname="testCases.TC004_SearchProductTest" name="searchProductWithSpecialCharsAndNumbers" time="2.512"/>
  <testcase classname="testCases.TC004_SearchProductTest" name="searchProductWithSpaces" time="2.584"/>
</testsuite> <!-- testCases.TC004_SearchProductTest -->
