<?xml version="1.0" encoding="UTF-8"?>
<!-- Generated by org.testng.reporters.JUnitReportReporter -->
<testsuite hostname="DESKTOP-QBF8APR" failures="0" tests="1" name="testCases.TC005_Addtocart" time="3.730" errors="0" timestamp="2025-09-18T16:15:15 IST" skipped="0">
  <testcase classname="testCases.TC005_Addtocart" name="verifyaddtocart" time="3.730"/>
</testsuite> <!-- testCases.TC005_Addtocart -->
