<?xml version="1.0" encoding="UTF-8"?>
<!-- Generated by org.testng.reporters.JUnitReportReporter -->
<testsuite hostname="DESKTOP-QBF8APR" failures="0" tests="1" name="testCases.TC008_ShoppingcartTest" time="23.879" errors="0" timestamp="2025-09-19T19:49:04 IST" skipped="0">
  <testcase classname="testCases.TC008_ShoppingcartTest" name="verfiyShoppingcartTest" time="23.879"/>
</testsuite> <!-- testCases.TC008_ShoppingcartTest -->
