<?xml version="1.0" encoding="UTF-8"?>
<!-- Generated by org.testng.reporters.JUnitReportReporter -->
<testsuite hostname="DESKTOP-QBF8APR" failures="0" tests="4" name="testCases.TC004_SearchProductTest" time="15.226" errors="0" timestamp="2025-09-20T00:18:44 IST" skipped="0">
  <testcase classname="testCases.TC004_SearchProductTest" name="searchproduct" time="7.495"/>
  <testcase classname="testCases.TC004_SearchProductTest" name="searchProductNotExist" time="2.618"/>
  <testcase classname="testCases.TC004_SearchProductTest" name="searchProductWithEmptyInput" time="2.543"/>
  <testcase classname="testCases.TC004_SearchProductTest" name="searchProductWithSpecialChars" time="2.570"/>
</testsuite> <!-- testCases.TC004_SearchProductTest -->
