<?xml version="1.0" encoding="UTF-8"?>
<!-- Generated by org.testng.reporters.JUnitReportReporter -->
<testsuite hostname="DESKTOP-QBF8APR" failures="0" tests="8" name="testCases.TC001_AccountResgistrationTest" time="85.736" errors="0" timestamp="2025-09-21T18:53:17 IST" skipped="0">
  <testcase classname="testCases.TC001_AccountResgistrationTest" name="verfy_AccountRegistration" time="3.397"/>
  <testcase classname="testCases.TC001_AccountResgistrationTest" name="verify_RegistrationWithEmptyFirstName" time="11.788"/>
  <testcase classname="testCases.TC001_AccountResgistrationTest" name="verify_RegistrationWithInvalidEmail" time="11.857"/>
  <testcase classname="testCases.TC001_AccountResgistrationTest" name="verify_RegistrationWithPasswordMismatch" time="12.156"/>
  <testcase classname="testCases.TC001_AccountResgistrationTest" name="verify_RegistrationWithEmptyLastName" time="11.700"/>
  <testcase classname="testCases.TC001_AccountResgistrationTest" name="verify_RegistrationWithoutAcceptingPolicy" time="11.831"/>
  <testcase classname="testCases.TC001_AccountResgistrationTest" name="verify_RegistrationWithExistingEmail" time="11.785"/>
  <testcase classname="testCases.TC001_AccountResgistrationTest" name="verify_RegistrationWithShortPassword" time="11.222"/>
</testsuite> <!-- testCases.TC001_AccountResgistrationTest -->
