<?xml version="1.0" encoding="UTF-8"?>
<!-- Generated by org.testng.reporters.JUnitReportReporter -->
<testsuite hostname="DESKTOP-QBF8APR" failures="0" tests="4" name="testCases.TC004_SearchProductTest" time="14.528" errors="0" timestamp="2025-09-20T20:55:50 IST" skipped="0">
  <testcase classname="testCases.TC004_SearchProductTest" name="searchproduct" time="7.205"/>
  <testcase classname="testCases.TC004_SearchProductTest" name="searchProductNotExist" time="2.431"/>
  <testcase classname="testCases.TC004_SearchProductTest" name="searchProductWithEmptyInput" time="2.469"/>
  <testcase classname="testCases.TC004_SearchProductTest" name="searchProductWithSpecialChars" time="2.423"/>
</testsuite> <!-- testCases.TC004_SearchProductTest -->
