<?xml version="1.0" encoding="UTF-8"?>
<!-- Generated by org.testng.reporters.JUnitReportReporter -->
<testsuite hostname="DESKTOP-QBF8APR" failures="0" tests="4" name="testCases.TC001_AccountResgistrationTest" time="35.224" errors="0" timestamp="2025-09-20T20:55:50 IST" skipped="0">
  <testcase classname="testCases.TC001_AccountResgistrationTest" name="verfy_AccountRegistration" time="2.108"/>
  <testcase classname="testCases.TC001_AccountResgistrationTest" name="verify_RegistrationWithEmptyFirstName" time="11.041"/>
  <testcase classname="testCases.TC001_AccountResgistrationTest" name="verify_RegistrationWithInvalidEmail" time="11.013"/>
  <testcase classname="testCases.TC001_AccountResgistrationTest" name="verify_RegistrationWithPasswordMismatch" time="11.062"/>
</testsuite> <!-- testCases.TC001_AccountResgistrationTest -->
