<?xml version="1.0" encoding="UTF-8"?>
<!-- Generated by org.testng.reporters.JUnitReportReporter -->
<testsuite hostname="DESKTOP-QBF8APR" failures="0" tests="2" name="testCases.TC008_ShoppingcartTest" time="32.627" errors="0" timestamp="2025-09-20T21:13:00 IST" skipped="0">
  <testcase classname="testCases.TC008_ShoppingcartTest" name="verfiyShoppingcartTest" time="25.157"/>
  <testcase classname="testCases.TC008_ShoppingcartTest" name="estimateShippingWithInvalidDetails" time="7.470"/>
</testsuite> <!-- testCases.TC008_ShoppingcartTest -->
