<?xml version="1.0" encoding="UTF-8"?>
<!-- Generated by org.testng.reporters.JUnitReportReporter -->
<testsuite hostname="DESKTOP-QBF8APR" failures="0" tests="5" name="testCases.TC003_LoginDDT" time="45.679" errors="0" timestamp="2025-09-20T00:08:21 IST" skipped="0">
  <testcase classname="testCases.TC003_LoginDDT" name="verify_Loginddt" time="11.079"/>
  <testcase classname="testCases.TC003_LoginDDT" name="verify_Loginddt" time="10.820"/>
  <testcase classname="testCases.TC003_LoginDDT" name="verify_Loginddt" time="10.835"/>
  <testcase classname="testCases.TC003_LoginDDT" name="verify_Loginddt" time="1.867"/>
  <testcase classname="testCases.TC003_LoginDDT" name="verify_Loginddt" time="11.078"/>
</testsuite> <!-- testCases.TC003_LoginDDT -->
