<?xml version="1.0" encoding="UTF-8"?>
<!-- Generated by org.testng.reporters.JUnitReportReporter -->
<testsuite hostname="DESKTOP-QBF8APR" failures="0" tests="4" name="testCases.TC001_AccountResgistrationTest" time="38.740" errors="0" timestamp="2025-09-20T00:18:44 IST" skipped="0">
  <testcase classname="testCases.TC001_AccountResgistrationTest" name="verfy_AccountRegistration" time="3.243"/>
  <testcase classname="testCases.TC001_AccountResgistrationTest" name="verify_RegistrationWithEmptyFirstName" time="11.838"/>
  <testcase classname="testCases.TC001_AccountResgistrationTest" name="verify_RegistrationWithInvalidEmail" time="11.660"/>
  <testcase classname="testCases.TC001_AccountResgistrationTest" name="verify_RegistrationWithPasswordMismatch" time="11.999"/>
</testsuite> <!-- testCases.TC001_AccountResgistrationTest -->
