<?xml version="1.0" encoding="UTF-8"?>
<!-- Generated by org.testng.reporters.JUnitReportReporter -->
<testsuite hostname="DESKTOP-QBF8APR" failures="0" tests="5" name="testCases.TC003_LoginDDT" time="45.852" errors="0" timestamp="2025-09-06T20:18:13 IST" skipped="0">
  <testcase classname="testCases.TC003_LoginDDT" name="verify_Loginddt" time="1.549"/>
  <testcase classname="testCases.TC003_LoginDDT" name="verify_Loginddt" time="10.659"/>
  <testcase classname="testCases.TC003_LoginDDT" name="verify_Loginddt" time="11.519"/>
  <testcase classname="testCases.TC003_LoginDDT" name="verify_Loginddt" time="10.934"/>
  <testcase classname="testCases.TC003_LoginDDT" name="verify_Loginddt" time="11.191"/>
</testsuite> <!-- testCases.TC003_LoginDDT -->
