<?xml version="1.0" encoding="UTF-8"?>
<!-- Generated by org.testng.reporters.JUnitReportReporter -->
<testsuite hostname="DESKTOP-QBF8APR" failures="0" tests="5" name="testCases.TC003_LoginDDT" time="45.746" errors="0" timestamp="2025-09-20T21:13:00 IST" skipped="0">
  <testcase classname="testCases.TC003_LoginDDT" name="verify_Loginddt" time="10.965"/>
  <testcase classname="testCases.TC003_LoginDDT" name="verify_Loginddt" time="11.098"/>
  <testcase classname="testCases.TC003_LoginDDT" name="verify_Loginddt" time="1.825"/>
  <testcase classname="testCases.TC003_LoginDDT" name="verify_Loginddt" time="11.161"/>
  <testcase classname="testCases.TC003_LoginDDT" name="verify_Loginddt" time="10.697"/>
</testsuite> <!-- testCases.TC003_LoginDDT -->
