<?xml version="1.0" encoding="UTF-8"?>
<!-- Generated by org.testng.reporters.JUnitReportReporter -->
<testsuite hostname="DESKTOP-QBF8APR" failures="0" tests="1" name="testCases.TC001_AccountResgistrationTest" time="2.374" errors="0" timestamp="2025-09-18T20:30:46 IST" skipped="0">
  <testcase classname="testCases.TC001_AccountResgistrationTest" name="verfy_account_registration" time="2.374"/>
</testsuite> <!-- testCases.TC001_AccountResgistrationTest -->
