<?xml version="1.0" encoding="UTF-8"?>
<!-- Generated by org.testng.reporters.JUnitReportReporter -->
<testsuite hostname="DESKTOP-QBF8APR" failures="0" tests="2" name="testCases.TC001_AccountResgistrationTest" time="9.111" errors="0" timestamp="2025-09-08T17:52:50 IST" skipped="0">
  <testcase classname="testCases.TC001_AccountResgistrationTest" name="verfy_account_registration" time="5.562"/>
  <testcase classname="testCases.TC001_AccountResgistrationTest" name="verfy_account_registration" time="3.549"/>
</testsuite> <!-- testCases.TC001_AccountResgistrationTest -->
