<?xml version="1.0" encoding="UTF-8"?>
<!-- Generated by org.testng.reporters.JUnitReportReporter -->
<testsuite hostname="DESKTOP-QBF8APR" failures="0" tests="4" name="testCases.TC001_AccountResgistrationTest" time="39.370" errors="0" timestamp="2025-09-20T21:13:00 IST" skipped="0">
  <testcase classname="testCases.TC001_AccountResgistrationTest" name="verfy_AccountRegistration" time="3.497"/>
  <testcase classname="testCases.TC001_AccountResgistrationTest" name="verify_RegistrationWithEmptyFirstName" time="11.611"/>
  <testcase classname="testCases.TC001_AccountResgistrationTest" name="verify_RegistrationWithInvalidEmail" time="12.066"/>
  <testcase classname="testCases.TC001_AccountResgistrationTest" name="verify_RegistrationWithPasswordMismatch" time="12.196"/>
</testsuite> <!-- testCases.TC001_AccountResgistrationTest -->
