<?xml version="1.0" encoding="UTF-8"?>
<!-- Generated by org.testng.reporters.JUnitReportReporter -->
<testsuite hostname="DESKTOP-QBF8APR" failures="0" tests="5" name="testCases.TC003_LoginDDT" time="43.975" errors="0" timestamp="2025-09-20T20:55:50 IST" skipped="0">
  <testcase classname="testCases.TC003_LoginDDT" name="verify_Loginddt" time="10.687"/>
  <testcase classname="testCases.TC003_LoginDDT" name="verify_Loginddt" time="10.528"/>
  <testcase classname="testCases.TC003_LoginDDT" name="verify_Loginddt" time="1.227"/>
  <testcase classname="testCases.TC003_LoginDDT" name="verify_Loginddt" time="10.753"/>
  <testcase classname="testCases.TC003_LoginDDT" name="verify_Loginddt" time="10.780"/>
</testsuite> <!-- testCases.TC003_LoginDDT -->
