<?xml version="1.0" encoding="UTF-8"?>
<!-- Generated by org.testng.reporters.JUnitReportReporter -->
<testsuite hostname="DESKTOP-QBF8APR" failures="0" tests="4" name="testCases.TC004_SearchProductTest" time="15.178" errors="0" timestamp="2025-09-20T21:13:00 IST" skipped="0">
  <testcase classname="testCases.TC004_SearchProductTest" name="searchproduct" time="7.337"/>
  <testcase classname="testCases.TC004_SearchProductTest" name="searchProductNotExist" time="2.504"/>
  <testcase classname="testCases.TC004_SearchProductTest" name="searchProductWithEmptyInput" time="2.840"/>
  <testcase classname="testCases.TC004_SearchProductTest" name="searchProductWithSpecialChars" time="2.497"/>
</testsuite> <!-- testCases.TC004_SearchProductTest -->
