<?xml version="1.0" encoding="UTF-8"?>
<!-- Generated by org.testng.reporters.JUnitReportReporter -->
<testsuite hostname="DESKTOP-QBF8APR" failures="0" tests="4" name="testCases.TC002_LoginTest" time="3.476" errors="0" timestamp="2025-09-20T20:55:50 IST" skipped="0">
  <testcase classname="testCases.TC002_LoginTest" name="verify_LoginWithValidCredentials" time="1.358"/>
  <testcase classname="testCases.TC002_LoginTest" name="verify_LoginWithInvalidCredentials" time="0.753"/>
  <testcase classname="testCases.TC002_LoginTest" name="verify_LoginWithEmptyUsername" time="0.664"/>
  <testcase classname="testCases.TC002_LoginTest" name="verify_LoginWithEmptyPassword" time="0.701"/>
</testsuite> <!-- testCases.TC002_LoginTest -->
