<?xml version="1.0" encoding="UTF-8"?>
<!-- Generated by org.testng.reporters.JUnitReportReporter -->
<testsuite hostname="DESKTOP-QBF8APR" failures="0" tests="5" name="testCases.TC003_LoginDDT" time="45.181" errors="0" timestamp="2025-09-21T20:48:38 IST" skipped="0">
  <testcase classname="testCases.TC003_LoginDDT" name="verify_Loginddt" time="1.885"/>
  <testcase classname="testCases.TC003_LoginDDT" name="verify_Loginddt" time="10.921"/>
  <testcase classname="testCases.TC003_LoginDDT" name="verify_Loginddt" time="10.674"/>
  <testcase classname="testCases.TC003_LoginDDT" name="verify_Loginddt" time="10.818"/>
  <testcase classname="testCases.TC003_LoginDDT" name="verify_Loginddt" time="10.883"/>
</testsuite> <!-- testCases.TC003_LoginDDT -->
