<?xml version="1.0" encoding="UTF-8"?>
<!-- Generated by org.testng.reporters.JUnitReportReporter -->
<testsuite hostname="DESKTOP-QBF8APR" failures="0" tests="1" name="testCases.TC008_ShoppingcartTest" time="24.856" errors="0" timestamp="2025-09-20T00:18:44 IST" skipped="0">
  <testcase classname="testCases.TC008_ShoppingcartTest" name="verfiyShoppingcartTest" time="24.856"/>
</testsuite> <!-- testCases.TC008_ShoppingcartTest -->
