<?xml version="1.0" encoding="UTF-8"?>
<!-- Generated by org.testng.reporters.JUnitReportReporter -->
<testsuite hostname="DESKTOP-QBF8APR" failures="0" tests="1" name="testCases.TC006_CompareProductTest" time="4.331" errors="0" timestamp="2025-09-18T20:30:46 IST" skipped="0">
  <testcase classname="testCases.TC006_CompareProductTest" name="VerifyCompareproduct" time="4.331"/>
</testsuite> <!-- testCases.TC006_CompareProductTest -->
