<?xml version="1.0" encoding="UTF-8"?>
<!-- Generated by org.testng.reporters.JUnitReportReporter -->
<testsuite hostname="DESKTOP-QBF8APR" failures="0" tests="2" name="testCases.TC007_AddtoWishlistTest" time="8.818" errors="0" timestamp="2025-09-20T00:29:13 IST" skipped="0">
  <testcase classname="testCases.TC007_AddtoWishlistTest" name="verifyWishlist" time="8.173"/>
  <testcase classname="testCases.TC007_AddtoWishlistTest" name="addToWishlistWithoutLogin" time="0.645"/>
</testsuite> <!-- testCases.TC007_AddtoWishlistTest -->
