<?xml version="1.0" encoding="UTF-8"?>
<!-- Generated by org.testng.reporters.JUnitReportReporter -->
<testsuite hostname="DESKTOP-QBF8APR" failures="0" tests="1" name="testCases.TC006_CompareProductTest" time="5.050" errors="0" timestamp="2025-09-18T16:15:15 IST" skipped="0">
  <testcase classname="testCases.TC006_CompareProductTest" name="VerifyCompareproduct" time="5.050"/>
</testsuite> <!-- testCases.TC006_CompareProductTest -->
