<?xml version="1.0" encoding="UTF-8"?>
<!-- Generated by org.testng.reporters.JUnitReportReporter -->
<testsuite hostname="DESKTOP-QBF8APR" failures="0" tests="1" name="testCases.TC004_SearchProductTest" time="20.510" errors="0" timestamp="2025-09-12T20:38:35 IST" skipped="0">
  <testcase classname="testCases.TC004_SearchProductTest" name="searchproduct" time="20.510"/>
</testsuite> <!-- testCases.TC004_SearchProductTest -->
