<?xml version="1.0" encoding="UTF-8"?>
<!-- Generated by org.testng.reporters.JUnitReportReporter -->
<testsuite hostname="DESKTOP-QBF8APR" failures="0" tests="1" name="testCases.TC007_AddtoWishlist" time="2.925" errors="0" timestamp="2025-09-18T18:30:57 IST" skipped="0">
  <testcase classname="testCases.TC007_AddtoWishlist" name="verifyWishlist" time="2.925"/>
</testsuite> <!-- testCases.TC007_AddtoWishlist -->
