<?xml version="1.0" encoding="UTF-8"?>
<!-- Generated by org.testng.reporters.JUnitReportReporter -->
<testsuite hostname="DESKTOP-QBF8APR" failures="0" tests="1" name="testCases.TC009_E2ECheckoutflowTest" time="51.999" errors="0" timestamp="2025-09-20T21:13:00 IST" skipped="0">
  <testcase classname="testCases.TC009_E2ECheckoutflowTest" name="verifyE2Echekout" time="51.999"/>
</testsuite> <!-- testCases.TC009_E2ECheckoutflowTest -->
