<?xml version="1.0" encoding="UTF-8"?>
<!-- Generated by org.testng.reporters.JUnitReportReporter -->
<testsuite hostname="DESKTOP-QBF8APR" failures="0" tests="1" name="testCases.TC004_SearchProductTest" time="11.407" errors="0" timestamp="2025-09-18T20:30:46 IST" skipped="0">
  <testcase classname="testCases.TC004_SearchProductTest" name="searchproduct" time="11.407"/>
</testsuite> <!-- testCases.TC004_SearchProductTest -->
