<?xml version="1.0" encoding="UTF-8"?>
<!-- Generated by org.testng.reporters.JUnitReportReporter -->
<testsuite hostname="DESKTOP-QBF8APR" failures="0" tests="2" name="testCases.TC006_CompareProductTest" time="8.646" errors="0" timestamp="2025-09-21T20:48:38 IST" skipped="0">
  <testcase classname="testCases.TC006_CompareProductTest" name="VerifyCompareproduct" time="7.830"/>
  <testcase classname="testCases.TC006_CompareProductTest" name="addToCompareWithoutSelectingProduct" time="0.816"/>
</testsuite> <!-- testCases.TC006_CompareProductTest -->
