<?xml version="1.0" encoding="UTF-8"?>
<!-- Generated by org.testng.reporters.JUnitReportReporter -->
<testsuite hostname="DESKTOP-QBF8APR" failures="0" tests="1" name="testCases.TC009_E2ECheckoutflowTest" time="52.081" errors="0" timestamp="2025-09-19T21:09:42 IST" skipped="0">
  <testcase classname="testCases.TC009_E2ECheckoutflowTest" name="verifyE2Echekout" time="52.081"/>
</testsuite> <!-- testCases.TC009_E2ECheckoutflowTest -->
