<?xml version="1.0" encoding="UTF-8"?>
<!-- Generated by org.testng.reporters.JUnitReportReporter -->
<testsuite hostname="DESKTOP-QBF8APR" failures="0" tests="10" name="testCases.TC004_SearchProductTest" time="30.903" errors="0" timestamp="2025-09-21T20:48:38 IST" skipped="0">
  <testcase classname="testCases.TC004_SearchProductTest" name="searchproduct" time="7.577"/>
  <testcase classname="testCases.TC004_SearchProductTest" name="searchProductNotExist" time="2.572"/>
  <testcase classname="testCases.TC004_SearchProductTest" name="searchProductWithEmptyInput" time="2.686"/>
  <testcase classname="testCases.TC004_SearchProductTest" name="searchProductWithSpecialChars" time="2.512"/>
  <testcase classname="testCases.TC004_SearchProductTest" name="searchProductCaseInsensitive" time="2.544"/>
  <testcase classname="testCases.TC004_SearchProductTest" name="searchProductWithPartialName" time="2.598"/>
  <testcase classname="testCases.TC004_SearchProductTest" name="searchProductWithNumericInput" time="2.664"/>
  <testcase classname="testCases.TC004_SearchProductTest" name="verifySearchResultCount" time="2.576"/>
  <testcase classname="testCases.TC004_SearchProductTest" name="searchProductWithSpecialCharsAndNumbers" time="2.621"/>
  <testcase classname="testCases.TC004_SearchProductTest" name="searchProductWithSpaces" time="2.553"/>
</testsuite> <!-- testCases.TC004_SearchProductTest -->
