<?xml version="1.0" encoding="UTF-8"?>
<!-- Generated by org.testng.reporters.JUnitReportReporter -->
<testsuite hostname="DESKTOP-QBF8APR" failures="0" tests="2" name="testCases.TC006_CompareProductTest" time="7.499" errors="0" timestamp="2025-09-20T20:55:50 IST" skipped="0">
  <testcase classname="testCases.TC006_CompareProductTest" name="VerifyCompareproduct" time="6.806"/>
  <testcase classname="testCases.TC006_CompareProductTest" name="addToCompareWithoutSelectingProduct" time="0.693"/>
</testsuite> <!-- testCases.TC006_CompareProductTest -->
