<?xml version="1.0" encoding="UTF-8"?>
<!-- Generated by org.testng.reporters.JUnitReportReporter -->
<testsuite hostname="DESKTOP-QBF8APR" failures="0" tests="2" name="testCases.TC007_AddtoWishlistTest" time="99.090" errors="0" timestamp="2025-09-21T20:48:38 IST" skipped="0">
  <testcase classname="testCases.TC007_AddtoWishlistTest" name="verifyWishlist" time="83.539"/>
  <testcase classname="testCases.TC007_AddtoWishlistTest" name="addToWishlistWithoutLogin" time="15.551"/>
</testsuite> <!-- testCases.TC007_AddtoWishlistTest -->
