<?xml version="1.0" encoding="UTF-8"?>
<!-- Generated by org.testng.reporters.JUnitReportReporter -->
<testsuite hostname="DESKTOP-QBF8APR" failures="0" tests="8" name="testCases.TC001_AccountResgistrationTest" time="83.348" errors="0" timestamp="2025-09-21T20:48:38 IST" skipped="0">
  <testcase classname="testCases.TC001_AccountResgistrationTest" name="verfy_AccountRegistration" time="2.940"/>
  <testcase classname="testCases.TC001_AccountResgistrationTest" name="verify_RegistrationWithEmptyFirstName" time="11.422"/>
  <testcase classname="testCases.TC001_AccountResgistrationTest" name="verify_RegistrationWithInvalidEmail" time="11.870"/>
  <testcase classname="testCases.TC001_AccountResgistrationTest" name="verify_RegistrationWithPasswordMismatch" time="11.496"/>
  <testcase classname="testCases.TC001_AccountResgistrationTest" name="verify_RegistrationWithEmptyLastName" time="11.277"/>
  <testcase classname="testCases.TC001_AccountResgistrationTest" name="verify_RegistrationWithoutAcceptingPolicy" time="11.628"/>
  <testcase classname="testCases.TC001_AccountResgistrationTest" name="verify_RegistrationWithExistingEmail" time="11.302"/>
  <testcase classname="testCases.TC001_AccountResgistrationTest" name="verify_RegistrationWithShortPassword" time="11.413"/>
</testsuite> <!-- testCases.TC001_AccountResgistrationTest -->
