<?xml version="1.0" encoding="UTF-8"?>
<!-- Generated by org.testng.reporters.JUnitReportReporter -->
<testsuite hostname="DESKTOP-QBF8APR" failures="0" tests="2" name="testCases.TC007_AddtoWishlistTest" time="9.431" errors="0" timestamp="2025-09-20T20:55:50 IST" skipped="0">
  <testcase classname="testCases.TC007_AddtoWishlistTest" name="verifyWishlist" time="8.859"/>
  <testcase classname="testCases.TC007_AddtoWishlistTest" name="addToWishlistWithoutLogin" time="0.572"/>
</testsuite> <!-- testCases.TC007_AddtoWishlistTest -->
