<?xml version="1.0" encoding="UTF-8"?>
<!-- Generated by org.testng.reporters.JUnitReportReporter -->
<testsuite hostname="DESKTOP-QBF8APR" failures="0" tests="1" name="testCases.TC005_AddtocartTest" time="2.572" errors="0" timestamp="2025-09-20T00:18:44 IST" skipped="0">
  <testcase classname="testCases.TC005_AddtocartTest" name="verifyaddtocart" time="2.572"/>
</testsuite> <!-- testCases.TC005_AddtocartTest -->
