<?xml version="1.0" encoding="UTF-8"?>
<!-- Generated by org.testng.reporters.JUnitReportReporter -->
<testsuite hostname="DESKTOP-QBF8APR" failures="0" tests="4" name="testCases.TC002_LoginTest" time="4.618" errors="0" timestamp="2025-09-20T21:13:00 IST" skipped="0">
  <testcase classname="testCases.TC002_LoginTest" name="verify_LoginWithValidCredentials" time="1.735"/>
  <testcase classname="testCases.TC002_LoginTest" name="verify_LoginWithInvalidCredentials" time="1.068"/>
  <testcase classname="testCases.TC002_LoginTest" name="verify_LoginWithEmptyUsername" time="0.896"/>
  <testcase classname="testCases.TC002_LoginTest" name="verify_LoginWithEmptyPassword" time="0.919"/>
</testsuite> <!-- testCases.TC002_LoginTest -->
