<?xml version="1.0" encoding="UTF-8"?>
<!-- Generated by org.testng.reporters.JUnitReportReporter -->
<testsuite hostname="DESKTOP-QBF8APR" failures="0" tests="2" name="testCases.TC008_ShoppingcartTest" time="30.756" errors="0" timestamp="2025-09-21T20:48:38 IST" skipped="0">
  <testcase classname="testCases.TC008_ShoppingcartTest" name="verfiyShoppingcartTest" time="23.635"/>
  <testcase classname="testCases.TC008_ShoppingcartTest" name="estimateShippingWithInvalidDetails" time="7.121"/>
</testsuite> <!-- testCases.TC008_ShoppingcartTest -->
