<?xml version="1.0" encoding="UTF-8"?>
<!-- Generated by org.testng.reporters.JUnitReportReporter -->
<testsuite hostname="DESKTOP-QBF8APR" failures="0" tests="7" name="testCases.TC002_LoginTest" time="7.179" errors="0" timestamp="2025-09-21T20:48:38 IST" skipped="0">
  <testcase classname="testCases.TC002_LoginTest" name="verify_LoginWithValidCredentials" time="1.741"/>
  <testcase classname="testCases.TC002_LoginTest" name="verify_LoginWithInvalidCredentials" time="1.024"/>
  <testcase classname="testCases.TC002_LoginTest" name="verify_LoginWithEmptyUsername" time="0.827"/>
  <testcase classname="testCases.TC002_LoginTest" name="verify_LoginWithEmptyPassword" time="0.879"/>
  <testcase classname="testCases.TC002_LoginTest" name="verify_LoginWithSpacesOnly" time="0.887"/>
  <testcase classname="testCases.TC002_LoginTest" name="verify_LoginWithSQLInjection" time="0.857"/>
  <testcase classname="testCases.TC002_LoginTest" name="verify_LoginWithXSSAttempt" time="0.964"/>
</testsuite> <!-- testCases.TC002_LoginTest -->
