<?xml version="1.0" encoding="UTF-8"?>
<!-- Generated by org.testng.reporters.JUnitReportReporter -->
<testsuite hostname="DESKTOP-QBF8APR" failures="0" tests="7" name="testCases.TC002_LoginTest" time="7.999" errors="0" timestamp="2025-09-21T18:58:31 IST" skipped="0">
  <testcase classname="testCases.TC002_LoginTest" name="verify_LoginWithValidCredentials" time="2.039"/>
  <testcase classname="testCases.TC002_LoginTest" name="verify_LoginWithInvalidCredentials" time="1.250"/>
  <testcase classname="testCases.TC002_LoginTest" name="verify_LoginWithEmptyUsername" time="0.849"/>
  <testcase classname="testCases.TC002_LoginTest" name="verify_LoginWithEmptyPassword" time="0.989"/>
  <testcase classname="testCases.TC002_LoginTest" name="verify_LoginWithSpacesOnly" time="0.946"/>
  <testcase classname="testCases.TC002_LoginTest" name="verify_LoginWithSQLInjection" time="0.933"/>
  <testcase classname="testCases.TC002_LoginTest" name="verify_LoginWithXSSAttempt" time="0.993"/>
</testsuite> <!-- testCases.TC002_LoginTest -->
