<?xml version="1.0" encoding="UTF-8"?>
<!-- Generated by org.testng.reporters.JUnitReportReporter -->
<testsuite hostname="DESKTOP-QBF8APR" failures="0" tests="5" name="testCases.TC003_LoginDDT" time="44.875" errors="0" timestamp="2025-09-18T20:30:46 IST" skipped="0">
  <testcase classname="testCases.TC003_LoginDDT" name="verify_Loginddt" time="10.656"/>
  <testcase classname="testCases.TC003_LoginDDT" name="verify_Loginddt" time="1.606"/>
  <testcase classname="testCases.TC003_LoginDDT" name="verify_Loginddt" time="10.926"/>
  <testcase classname="testCases.TC003_LoginDDT" name="verify_Loginddt" time="10.778"/>
  <testcase classname="testCases.TC003_LoginDDT" name="verify_Loginddt" time="10.909"/>
</testsuite> <!-- testCases.TC003_LoginDDT -->
