<?xml version="1.0" encoding="UTF-8"?>
<!-- Generated by org.testng.reporters.JUnitReportReporter -->
<testsuite hostname="DESKTOP-QBF8APR" failures="0" tests="1" name="testCases.TC005_AddtocartTest" time="6.233" errors="0" timestamp="2025-09-21T20:48:38 IST" skipped="0">
  <testcase classname="testCases.TC005_AddtocartTest" name="verifyaddtocart" time="6.233"/>
</testsuite> <!-- testCases.TC005_AddtocartTest -->
