<?xml version="1.0" encoding="UTF-8"?>
<!-- Generated by org.testng.reporters.JUnitReportReporter -->
<testsuite hostname="DESKTOP-QBF8APR" failures="0" tests="2" name="testCases.TC007_AddtoWishlistTest" time="7.388" errors="0" timestamp="2025-09-20T21:49:39 IST" skipped="0">
  <testcase classname="testCases.TC007_AddtoWishlistTest" name="verifyWishlist" time="6.969"/>
  <testcase classname="testCases.TC007_AddtoWishlistTest" name="addToWishlistWithoutLogin" time="0.419"/>
</testsuite> <!-- testCases.TC007_AddtoWishlistTest -->
