<?xml version="1.0" encoding="UTF-8"?>
<!-- Generated by org.testng.reporters.JUnitReportReporter -->
<testsuite hostname="DESKTOP-QBF8APR" failures="0" tests="5" name="testCases.TC003_LoginDDT" time="43.560" errors="0" timestamp="2025-09-20T21:49:39 IST" skipped="0">
  <testcase classname="testCases.TC003_LoginDDT" name="verify_Loginddt" time="1.284"/>
  <testcase classname="testCases.TC003_LoginDDT" name="verify_Loginddt" time="10.598"/>
  <testcase classname="testCases.TC003_LoginDDT" name="verify_Loginddt" time="10.597"/>
  <testcase classname="testCases.TC003_LoginDDT" name="verify_Loginddt" time="10.562"/>
  <testcase classname="testCases.TC003_LoginDDT" name="verify_Loginddt" time="10.519"/>
</testsuite> <!-- testCases.TC003_LoginDDT -->
