<?xml version="1.0" encoding="UTF-8"?>
<!-- Generated by org.testng.reporters.JUnitReportReporter -->
<testsuite hostname="DESKTOP-QBF8APR" failures="0" tests="2" name="testCases.TC008_ShoppingcartTest" time="29.520" errors="0" timestamp="2025-09-20T21:49:39 IST" skipped="0">
  <testcase classname="testCases.TC008_ShoppingcartTest" name="verfiyShoppingcartTest" time="22.608"/>
  <testcase classname="testCases.TC008_ShoppingcartTest" name="estimateShippingWithInvalidDetails" time="6.912"/>
</testsuite> <!-- testCases.TC008_ShoppingcartTest -->
