<?xml version="1.0" encoding="UTF-8"?>
<!-- Generated by org.testng.reporters.JUnitReportReporter -->
<testsuite hostname="DESKTOP-QBF8APR" failures="0" tests="1" name="testCases.TC002_LoginTest" time="2.325" errors="0" timestamp="2025-09-08T19:21:21 IST" skipped="0">
  <testcase classname="testCases.TC002_LoginTest" name="verify_Login" time="2.325"/>
</testsuite> <!-- testCases.TC002_LoginTest -->
